UNHANDLED REJECTION: ReferenceError: require is not defined
    at WorkspaceService.getProjectHash (C:\Users\Jerome\Documents\Projects\Summy\server\src\services\workspace-service.ts:202:20)
    at <anonymous> (C:\Users\Jerome\Documents\Projects\Summy\server\src\routes\workspace-enhanced.ts:17:40)
    at Layer.handle [as handle_request] (C:\Users\Jerome\Documents\Projects\Summy\server\node_modules\express\lib\router\layer.js:95:5)
    at next (C:\Users\Jerome\Documents\Projects\Summy\server\node_modules\express\lib\router\route.js:149:13)
    at Route.dispatch (C:\Users\Jerome\Documents\Projects\Summy\server\node_modules\express\lib\router\route.js:119:3)
    at Layer.handle [as handle_request] (C:\Users\Jerome\Documents\Projects\Summy\server\node_modules\express\lib\router\layer.js:95:5)
    at C:\Users\Jerome\Documents\Projects\Summy\server\node_modules\express\lib\router\index.js:284:15
    at Function.process_params (C:\Users\Jerome\Documents\Projects\Summy\server\node_modules\express\lib\router\index.js:346:12)
    at next (C:\Users\Jerome\Documents\Projects\Summy\server\node_modules\express\lib\router\index.js:280:10)
    at Function.handle (C:\Users\Jerome\Documents\Projects\Summy\server\node_modules\express\lib\router\index.js:175:3)
UNHANDLED REJECTION: ReferenceError: require is not defined
    at WorkspaceService.getProjectHash (C:\Users\Jerome\Documents\Projects\Summy\server\src\services\workspace-service.ts:202:20)
    at <anonymous> (C:\Users\Jerome\Documents\Projects\Summy\server\src\routes\workspace-enhanced.ts:17:40)
    at Layer.handle [as handle_request] (C:\Users\Jerome\Documents\Projects\Summy\server\node_modules\express\lib\router\layer.js:95:5)
    at next (C:\Users\Jerome\Documents\Projects\Summy\server\node_modules\express\lib\router\route.js:149:13)
    at Route.dispatch (C:\Users\Jerome\Documents\Projects\Summy\server\node_modules\express\lib\router\route.js:119:3)
    at Layer.handle [as handle_request] (C:\Users\Jerome\Documents\Projects\Summy\server\node_modules\express\lib\router\layer.js:95:5)
    at C:\Users\Jerome\Documents\Projects\Summy\server\node_modules\express\lib\router\index.js:284:15
    at Function.process_params (C:\Users\Jerome\Documents\Projects\Summy\server\node_modules\express\lib\router\index.js:346:12)
    at next (C:\Users\Jerome\Documents\Projects\Summy\server\node_modules\express\lib\router\index.js:280:10)
    at Function.handle (C:\Users\Jerome\Documents\Projects\Summy\server\node_modules\express\lib\router\index.js:175:3)
[Validation Error] Body failed for /teams: ZodError: [
  {
    "expected": "object",
    "code": "invalid_type",
    "path": [
      "mainArchitect"
    ],
    "message": "Invalid input: expected object, received undefined"
  }
]
    at <anonymous> (C:\Users\Jerome\Documents\Projects\Summy\server\src\middleware\validation.ts:132:28)
    at Layer.handle [as handle_request] (C:\Users\Jerome\Documents\Projects\Summy\server\node_modules\express\lib\router\layer.js:95:5)
    at next (C:\Users\Jerome\Documents\Projects\Summy\server\node_modules\express\lib\router\route.js:149:13)
    at Route.dispatch (C:\Users\Jerome\Documents\Projects\Summy\server\node_modules\express\lib\router\route.js:119:3)
    at Layer.handle [as handle_request] (C:\Users\Jerome\Documents\Projects\Summy\server\node_modules\express\lib\router\layer.js:95:5)
    at C:\Users\Jerome\Documents\Projects\Summy\server\node_modules\express\lib\router\index.js:284:15
    at Function.process_params (C:\Users\Jerome\Documents\Projects\Summy\server\node_modules\express\lib\router\index.js:346:12)
    at next (C:\Users\Jerome\Documents\Projects\Summy\server\node_modules\express\lib\router\index.js:280:10)
    at Function.handle (C:\Users\Jerome\Documents\Projects\Summy\server\node_modules\express\lib\router\index.js:175:3)
    at router (C:\Users\Jerome\Documents\Projects\Summy\server\node_modules\express\lib\router\index.js:47:12)
[Teams API] Create error: TypeError: value.getTime is not a function
    at SQLiteTimestamp.mapToDriverValue (C:\Users\Jerome\Documents\Projects\Summy\node_modules\src\sqlite-core\columns\integer.ts:151:22)
    at <anonymous> (C:\Users\Jerome\Documents\Projects\Summy\node_modules\src\sql\sql.ts:238:69)
    at Array.map (<anonymous>)
    at SQL.buildQueryFromSourceParams (C:\Users\Jerome\Documents\Projects\Summy\node_modules\src\sql\sql.ts:163:30)
    at <anonymous> (C:\Users\Jerome\Documents\Projects\Summy\node_modules\src\sql\sql.ts:185:17)
    at Array.map (<anonymous>)
    at SQL.buildQueryFromSourceParams (C:\Users\Jerome\Documents\Projects\Summy\node_modules\src\sql\sql.ts:163:30)
    at <anonymous> (C:\Users\Jerome\Documents\Projects\Summy\node_modules\src\sql\sql.ts:189:17)
    at Array.map (<anonymous>)
    at SQL.buildQueryFromSourceParams (C:\Users\Jerome\Documents\Projects\Summy\node_modules\src\sql\sql.ts:163:30)
[Error Handler] {
  message: `Unexpected token 'n', "not valid json{" is not valid JSON`,
  code: 'UNKNOWN',
  statusCode: 400,
  path: '/api/teams',
  method: 'POST',
  requestId: undefined,
  stack: `SyntaxError: Unexpected token 'n', "not valid json{" is not valid JSON\n` +
    '    at JSON.parse (<anonymous>)\n' +
    '    at createStrictSyntaxError (C:\\Users\\Jerome\\Documents\\Projects\\Summy\\server\\node_modules\\body-parser\\lib\\types\\json.js:169:10)\n' +
    '    at parse (C:\\Users\\Jerome\\Documents\\Projects\\Summy\\server\\node_modules\\body-parser\\lib\\types\\json.js:86:15)\n' +
    '    at C:\\Users\\Jerome\\Documents\\Projects\\Summy\\server\\node_modules\\body-parser\\lib\\read.js:128:18\n' +
    '    at AsyncResource.runInAsyncScope (node:async_hooks:211:14)\n' +
    '    at invokeCallback (C:\\Users\\Jerome\\Documents\\Projects\\Summy\\server\\node_modules\\raw-body\\index.js:238:16)\n' +
    '    at done (C:\\Users\\Jerome\\Documents\\Projects\\Summy\\server\\node_modules\\raw-body\\index.js:227:7)\n' +
    '    at IncomingMessage.onEnd (C:\\Users\\Jerome\\Documents\\Projects\\Summy\\server\\node_modules\\raw-body\\index.js:287:7)\n' +
    '    at IncomingMessage.emit (node:events:524:28)\n' +
    '    at endReadableNT (node:internal/streams/readable:1698:12)'
}
[Validation Error] Body failed for /teams: ZodError: [
  {
    "expected": "object",
    "code": "invalid_type",
    "path": [
      "mainArchitect"
    ],
    "message": "Invalid input: expected object, received undefined"
  }
]
    at <anonymous> (C:\Users\Jerome\Documents\Projects\Summy\server\src\middleware\validation.ts:132:28)
    at Layer.handle [as handle_request] (C:\Users\Jerome\Documents\Projects\Summy\server\node_modules\express\lib\router\layer.js:95:5)
    at next (C:\Users\Jerome\Documents\Projects\Summy\server\node_modules\express\lib\router\route.js:149:13)
    at Route.dispatch (C:\Users\Jerome\Documents\Projects\Summy\server\node_modules\express\lib\router\route.js:119:3)
    at Layer.handle [as handle_request] (C:\Users\Jerome\Documents\Projects\Summy\server\node_modules\express\lib\router\layer.js:95:5)
    at C:\Users\Jerome\Documents\Projects\Summy\server\node_modules\express\lib\router\index.js:284:15
    at Function.process_params (C:\Users\Jerome\Documents\Projects\Summy\server\node_modules\express\lib\router\index.js:346:12)
    at next (C:\Users\Jerome\Documents\Projects\Summy\server\node_modules\express\lib\router\index.js:280:10)
    at Function.handle (C:\Users\Jerome\Documents\Projects\Summy\server\node_modules\express\lib\router\index.js:175:3)
    at router (C:\Users\Jerome\Documents\Projects\Summy\server\node_modules\express\lib\router\index.js:47:12)
[Teams API] Create error: TypeError: value.getTime is not a function
    at SQLiteTimestamp.mapToDriverValue (C:\Users\Jerome\Documents\Projects\Summy\node_modules\src\sqlite-core\columns\integer.ts:151:22)
    at <anonymous> (C:\Users\Jerome\Documents\Projects\Summy\node_modules\src\sql\sql.ts:238:69)
    at Array.map (<anonymous>)
    at SQL.buildQueryFromSourceParams (C:\Users\Jerome\Documents\Projects\Summy\node_modules\src\sql\sql.ts:163:30)
    at <anonymous> (C:\Users\Jerome\Documents\Projects\Summy\node_modules\src\sql\sql.ts:185:17)
    at Array.map (<anonymous>)
    at SQL.buildQueryFromSourceParams (C:\Users\Jerome\Documents\Projects\Summy\node_modules\src\sql\sql.ts:163:30)
    at <anonymous> (C:\Users\Jerome\Documents\Projects\Summy\node_modules\src\sql\sql.ts:189:17)
    at Array.map (<anonymous>)
    at SQL.buildQueryFromSourceParams (C:\Users\Jerome\Documents\Projects\Summy\node_modules\src\sql\sql.ts:163:30)
[Error Handler] {
  message: `Unexpected token 'n', "not valid json{" is not valid JSON`,
  code: 'UNKNOWN',
  statusCode: 400,
  path: '/api/teams',
  method: 'POST',
  requestId: undefined,
  stack: `SyntaxError: Unexpected token 'n', "not valid json{" is not valid JSON\n` +
    '    at JSON.parse (<anonymous>)\n' +
    '    at createStrictSyntaxError (C:\\Users\\Jerome\\Documents\\Projects\\Summy\\server\\node_modules\\body-parser\\lib\\types\\json.js:169:10)\n' +
    '    at parse (C:\\Users\\Jerome\\Documents\\Projects\\Summy\\server\\node_modules\\body-parser\\lib\\types\\json.js:86:15)\n' +
    '    at C:\\Users\\Jerome\\Documents\\Projects\\Summy\\server\\node_modules\\body-parser\\lib\\read.js:128:18\n' +
    '    at AsyncResource.runInAsyncScope (node:async_hooks:211:14)\n' +
    '    at invokeCallback (C:\\Users\\Jerome\\Documents\\Projects\\Summy\\server\\node_modules\\raw-body\\index.js:238:16)\n' +
    '    at done (C:\\Users\\Jerome\\Documents\\Projects\\Summy\\server\\node_modules\\raw-body\\index.js:227:7)\n' +
    '    at IncomingMessage.onEnd (C:\\Users\\Jerome\\Documents\\Projects\\Summy\\server\\node_modules\\raw-body\\index.js:287:7)\n' +
    '    at IncomingMessage.emit (node:events:524:28)\n' +
    '    at endReadableNT (node:internal/streams/readable:1698:12)'
}
